


ARM Macro Assembler    Page 1 


    1 00000000         ;/******************************************************
                       ********************//**
    2 00000000         ; * @file     startup_PHY6222.s
    3 00000000         ; * @brief    CMSIS Core Device Startup File for
    4 00000000         ; *           PHY6222 Device Series
    5 00000000         ; * @version  V1.08
    6 00000000         ; * @date     23. Setp 2021
    7 00000000         ; *
    8 00000000         ; * @note
    9 00000000         ; *
   10 00000000         ; ******************************************************
                       ************************/
   11 00000000         ;/* Phyplus Microelectronics Limited confidential and pr
                       oprietary. 
   12 00000000         ;  All rights reserved.
   13 00000000         ;
   14 00000000         ;  IMPORTANT: All rights of this software belong to Phyp
                       lus Microelectronics 
   15 00000000         ;  Limited ("Phyplus"). Your use of this Software is lim
                       ited to those 
   16 00000000         ;  specific rights granted under  the terms of the busin
                       ess contract, the 
   17 00000000         ;  confidential agreement, the non-disclosure agreement 
                       and any other forms 
   18 00000000         ;  of agreements as a customer or a partner of Phyplus. 
                       You may not use this 
   19 00000000         ;  Software unless you agree to abide by the terms of th
                       ese agreements. 
   20 00000000         ;  You acknowledge that the Software may not be modified
                       , copied, 
   21 00000000         ;  distributed or disclosed unless embedded on a Phyplus
                        Bluetooth Low Energy 
   22 00000000         ;  (BLE) integrated circuit, either as a product or is i
                       ntegrated into your 
   23 00000000         ;  products.  Other than for the aforementioned purposes
                       , you may not use, 
   24 00000000         ;  reproduce, copy, prepare derivative works of, modify,
                        distribute, perform, 
   25 00000000         ;  display or sell this Software and/or its documentatio
                       n for any purposes.
   26 00000000         ;   *
   27 00000000         ;   THIS SOFTWARE IS PROVIDED BY THE COPYRIGHT HOLDERS A
                       ND CONTRIBUTORS "AS IS"
   28 00000000         ;   AND ANY EXPRESS OR IMPLIED WARRANTIES, INCLUDING, BU
                       T NOT LIMITED TO, THE
   29 00000000         ;   IMPLIED WARRANTIES OF MERCHANTABILITY AND FITNESS FO
                       R A PARTICULAR PURPOSE
   30 00000000         ;   ARE DISCLAIMED. IN NO EVENT SHALL COPYRIGHT HOLDERS 
                       AND CONTRIBUTORS BE
   31 00000000         ;   LIABLE FOR ANY DIRECT, INDIRECT, INCIDENTAL, SPECIAL
                       , EXEMPLARY, OR
   32 00000000         ;   CONSEQUENTIAL DAMAGES (INCLUDING, BUT NOT LIMITED TO
                       , PROCUREMENT OF
   33 00000000         ;   SUBSTITUTE GOODS OR SERVICES; LOSS OF USE, DATA, OR 
                       PROFITS; OR BUSINESS
   34 00000000         ;   INTERRUPTION) HOWEVER CAUSED AND ON ANY THEORY OF LI
                       ABILITY, WHETHER IN
   35 00000000         ;   CONTRACT, STRICT LIABILITY, OR TORT (INCLUDING NEGLI
                       GENCE OR OTHERWISE)



ARM Macro Assembler    Page 2 


   36 00000000         ;   ARISING IN ANY WAY OUT OF THE USE OF THIS SOFTWARE, 
                       EVEN IF ADVISED OF THE
   37 00000000         ;   POSSIBILITY OF SUCH DAMAGE.
   38 00000000         ;   ----------------------------------------------------
                       -----------------------*/
   39 00000000         ;/*
   40 00000000         ;//-------- <<< Use Configuration Wizard in Context Menu
                        >>> ------------------
   41 00000000         ;*/
   42 00000000         
   43 00000000         
   44 00000000         ; <h> Stack Configuration
   45 00000000         ;   <o> Stack Size (in Bytes) <0x0-0xFFFFFFFF:8>
   46 00000000         ; </h>
   47 00000000         
   48 00000000 00000400 
                       Stack_Size
                               EQU              0x00000400
   49 00000000         
   50 00000000                 AREA             STACK, NOINIT, READWRITE, ALIGN
=3
   51 00000000         Stack_Mem
                               SPACE            Stack_Size
   52 00000400         __initial_sp
   53 00000400         
   54 00000400         
   55 00000400         ; <h> Heap Configuration
   56 00000400         ;   <o>  Heap Size (in Bytes) <0x0-0xFFFFFFFF:8>
   57 00000400         ; </h>
   58 00000400         
   59 00000400 00000C00 
                       Heap_Size
                               EQU              0x00000C00
   60 00000400         
   61 00000400                 AREA             HEAP, NOINIT, READWRITE, ALIGN=
3
   62 00000000         __heap_base
   63 00000000         Heap_Mem
                               SPACE            Heap_Size
   64 00000C00         __heap_limit
   65 00000C00         
   66 00000C00         
   67 00000C00                 PRESERVE8
   68 00000C00                 THUMB
   69 00000C00         
   70 00000C00         
   71 00000C00         ; Vector Table Mapped to Address 0 at Reset
   72 00000C00         
   73 00000C00                 AREA             RESET, DATA, READONLY
   74 00000000                 EXPORT           __Vectors
   75 00000000                 EXPORT           __Vectors_End
   76 00000000                 EXPORT           __Vectors_Size
   77 00000000         
   78 00000000 00000000 
                       __Vectors
                               DCD              __initial_sp ; Top of Stack
   79 00000004 00000000        DCD              Reset_Handler ; Reset Handler
   80 00000008 00000000        DCD              NMI_Handler ; NMI Handler
   81 0000000C 00000000        DCD              HardFault_Handler ; Hard Fault 



ARM Macro Assembler    Page 3 


                                                            Handler
   82 00000010 00000000        DCD              0           ; Reserved
   83 00000014 00000000        DCD              0           ; Reserved
   84 00000018 00000000        DCD              0           ; Reserved
   85 0000001C 00000000        DCD              0           ; Reserved
   86 00000020 00000000        DCD              0           ; Reserved
   87 00000024 00000000        DCD              0           ; Reserved
   88 00000028 00000000        DCD              0           ; Reserved
   89 0000002C 00000000        DCD              SVC_Handler ; SVCall Handler
   90 00000030 00000000        DCD              0           ; Reserved
   91 00000034 00000000        DCD              0           ; Reserved
   92 00000038 00000000        DCD              PendSV_Handler ; PendSV Handler
                                                            
   93 0000003C 00000000        DCD              SysTick_Handler 
                                                            ; SysTick Handler
   94 00000040         
   95 00000040         __Vectors_End
   96 00000040         
   97 00000040 00000040 
                       __Vectors_Size
                               EQU              __Vectors_End - __Vectors
   98 00000040         
   99 00000040                 AREA             |.text|, CODE, READONLY
  100 00000000         
  101 00000000         
  102 00000000         ; Reset Handler
  103 00000000         
  104 00000000         Reset_Handler
                               PROC
  105 00000000                 EXPORT           Reset_Handler             [WEAK
]
  106 00000000                 IMPORT           SystemInit
  107 00000000                 IMPORT           __main
  108 00000000 4804            LDR              R0, =SystemInit
  109 00000002 4780            BLX              R0
  110 00000004 4804            LDR              R0, =__main
  111 00000006 4700            BX               R0
  112 00000008                 ENDP
  113 00000008         
  114 00000008         
  115 00000008         ; Dummy Exception Handlers (infinite loops which can be 
                       modified)
  116 00000008         
  117 00000008         NMI_Handler
                               PROC
  118 00000008                 EXPORT           NMI_Handler               [WEAK
]
  119 00000008 E7FE            B                .
  120 0000000A                 ENDP
  122 0000000A         HardFault_Handler
                               PROC
  123 0000000A                 EXPORT           HardFault_Handler         [WEAK
]
  124 0000000A E7FE            B                .
  125 0000000C                 ENDP
  126 0000000C         SVC_Handler
                               PROC
  127 0000000C                 EXPORT           SVC_Handler               [WEAK
]



ARM Macro Assembler    Page 4 


  128 0000000C E7FE            B                .
  129 0000000E                 ENDP
  130 0000000E         PendSV_Handler
                               PROC
  131 0000000E                 EXPORT           PendSV_Handler            [WEAK
]
  132 0000000E E7FE            B                .
  133 00000010                 ENDP
  134 00000010         SysTick_Handler
                               PROC
  135 00000010                 EXPORT           SysTick_Handler           [WEAK
]
  136 00000010 E7FE            B                .
  137 00000012                 ENDP
  138 00000012         
  139 00000012         
  140 00000012 00 00           ALIGN
  141 00000014         
  142 00000014         
  143 00000014         ; User Initial Stack & Heap
  144 00000014         
  145 00000014                 IF               :DEF:__MICROLIB
  146 00000014         
  147 00000014                 EXPORT           __initial_sp
  148 00000014                 EXPORT           __heap_base
  149 00000014                 EXPORT           __heap_limit
  150 00000014         
  151 00000014                 ELSE
  166                          ENDIF
  167 00000014         
  168 00000014         
  169 00000014                 END
              00000000 
              00000000 
Command Line: --debug --xref --diag_suppress=9931 --cpu=Cortex-M0 --apcs=interw
ork --depend=.\objects\startup_phy6222.d -o.\objects\startup_phy6222.o -I.\RTE\
_ble_uart_at -IC:\Users\Bat\AppData\Local\Arm\Packs\ARM\CMSIS\5.7.0\CMSIS\Core\
Include -IC:\Users\Bat\AppData\Local\Arm\Packs\Keil\PHY62xx\1.1.0\Device\PHYPLU
SINC\PHY62xx\Include -IC:\Users\Bat\AppData\Local\Arm\Packs\Keil\PHY62xx\1.1.0\
\Device\PHYPLUSINC\PHY62xx\Include -IC:\Device\PHYPLUSINC\PHY62xx\Include --pre
define="__MICROLIB SETA 1" --predefine="__UVISION_VERSION SETA 534" --predefine
="_RTE_ SETA 1" --predefine="PHY6222_FCDS SETA 1" --predefine="_RTE_ SETA 1" --
list=.\listings\startup_phy6222.lst RTE\Device\PHY6222_FCDS\startup_PHY6222.s



ARM Macro Assembler    Page 1 Alphabetic symbol ordering
Relocatable symbols

STACK 00000000

Symbol: STACK
   Definitions
      At line 50 in file RTE\Device\PHY6222_FCDS\startup_PHY6222.s
   Uses
      None
Comment: STACK unused
Stack_Mem 00000000

Symbol: Stack_Mem
   Definitions
      At line 51 in file RTE\Device\PHY6222_FCDS\startup_PHY6222.s
   Uses
      None
Comment: Stack_Mem unused
__initial_sp 00000400

Symbol: __initial_sp
   Definitions
      At line 52 in file RTE\Device\PHY6222_FCDS\startup_PHY6222.s
   Uses
      At line 78 in file RTE\Device\PHY6222_FCDS\startup_PHY6222.s
      At line 147 in file RTE\Device\PHY6222_FCDS\startup_PHY6222.s

3 symbols



ARM Macro Assembler    Page 1 Alphabetic symbol ordering
Relocatable symbols

HEAP 00000000

Symbol: HEAP
   Definitions
      At line 61 in file RTE\Device\PHY6222_FCDS\startup_PHY6222.s
   Uses
      None
Comment: HEAP unused
Heap_Mem 00000000

Symbol: Heap_Mem
   Definitions
      At line 63 in file RTE\Device\PHY6222_FCDS\startup_PHY6222.s
   Uses
      None
Comment: Heap_Mem unused
__heap_base 00000000

Symbol: __heap_base
   Definitions
      At line 62 in file RTE\Device\PHY6222_FCDS\startup_PHY6222.s
   Uses
      At line 148 in file RTE\Device\PHY6222_FCDS\startup_PHY6222.s
Comment: __heap_base used once
__heap_limit 00000C00

Symbol: __heap_limit
   Definitions
      At line 64 in file RTE\Device\PHY6222_FCDS\startup_PHY6222.s
   Uses
      At line 149 in file RTE\Device\PHY6222_FCDS\startup_PHY6222.s
Comment: __heap_limit used once
4 symbols



ARM Macro Assembler    Page 1 Alphabetic symbol ordering
Relocatable symbols

RESET 00000000

Symbol: RESET
   Definitions
      At line 73 in file RTE\Device\PHY6222_FCDS\startup_PHY6222.s
   Uses
      None
Comment: RESET unused
__Vectors 00000000

Symbol: __Vectors
   Definitions
      At line 78 in file RTE\Device\PHY6222_FCDS\startup_PHY6222.s
   Uses
      At line 74 in file RTE\Device\PHY6222_FCDS\startup_PHY6222.s
      At line 97 in file RTE\Device\PHY6222_FCDS\startup_PHY6222.s

__Vectors_End 00000040

Symbol: __Vectors_End
   Definitions
      At line 95 in file RTE\Device\PHY6222_FCDS\startup_PHY6222.s
   Uses
      At line 75 in file RTE\Device\PHY6222_FCDS\startup_PHY6222.s
      At line 97 in file RTE\Device\PHY6222_FCDS\startup_PHY6222.s

3 symbols



ARM Macro Assembler    Page 1 Alphabetic symbol ordering
Relocatable symbols

.text 00000000

Symbol: .text
   Definitions
      At line 99 in file RTE\Device\PHY6222_FCDS\startup_PHY6222.s
   Uses
      None
Comment: .text unused
HardFault_Handler 0000000A

Symbol: HardFault_Handler
   Definitions
      At line 122 in file RTE\Device\PHY6222_FCDS\startup_PHY6222.s
   Uses
      At line 81 in file RTE\Device\PHY6222_FCDS\startup_PHY6222.s
      At line 123 in file RTE\Device\PHY6222_FCDS\startup_PHY6222.s

NMI_Handler 00000008

Symbol: NMI_Handler
   Definitions
      At line 117 in file RTE\Device\PHY6222_FCDS\startup_PHY6222.s
   Uses
      At line 80 in file RTE\Device\PHY6222_FCDS\startup_PHY6222.s
      At line 118 in file RTE\Device\PHY6222_FCDS\startup_PHY6222.s

PendSV_Handler 0000000E

Symbol: PendSV_Handler
   Definitions
      At line 130 in file RTE\Device\PHY6222_FCDS\startup_PHY6222.s
   Uses
      At line 92 in file RTE\Device\PHY6222_FCDS\startup_PHY6222.s
      At line 131 in file RTE\Device\PHY6222_FCDS\startup_PHY6222.s

Reset_Handler 00000000

Symbol: Reset_Handler
   Definitions
      At line 104 in file RTE\Device\PHY6222_FCDS\startup_PHY6222.s
   Uses
      At line 79 in file RTE\Device\PHY6222_FCDS\startup_PHY6222.s
      At line 105 in file RTE\Device\PHY6222_FCDS\startup_PHY6222.s

SVC_Handler 0000000C

Symbol: SVC_Handler
   Definitions
      At line 126 in file RTE\Device\PHY6222_FCDS\startup_PHY6222.s
   Uses
      At line 89 in file RTE\Device\PHY6222_FCDS\startup_PHY6222.s
      At line 127 in file RTE\Device\PHY6222_FCDS\startup_PHY6222.s

SysTick_Handler 00000010

Symbol: SysTick_Handler
   Definitions
      At line 134 in file RTE\Device\PHY6222_FCDS\startup_PHY6222.s
   Uses



ARM Macro Assembler    Page 2 Alphabetic symbol ordering
Relocatable symbols

      At line 93 in file RTE\Device\PHY6222_FCDS\startup_PHY6222.s
      At line 135 in file RTE\Device\PHY6222_FCDS\startup_PHY6222.s

7 symbols



ARM Macro Assembler    Page 1 Alphabetic symbol ordering
Absolute symbols

Heap_Size 00000C00

Symbol: Heap_Size
   Definitions
      At line 59 in file RTE\Device\PHY6222_FCDS\startup_PHY6222.s
   Uses
      At line 63 in file RTE\Device\PHY6222_FCDS\startup_PHY6222.s
Comment: Heap_Size used once
Stack_Size 00000400

Symbol: Stack_Size
   Definitions
      At line 48 in file RTE\Device\PHY6222_FCDS\startup_PHY6222.s
   Uses
      At line 51 in file RTE\Device\PHY6222_FCDS\startup_PHY6222.s
Comment: Stack_Size used once
__Vectors_Size 00000040

Symbol: __Vectors_Size
   Definitions
      At line 97 in file RTE\Device\PHY6222_FCDS\startup_PHY6222.s
   Uses
      At line 76 in file RTE\Device\PHY6222_FCDS\startup_PHY6222.s
Comment: __Vectors_Size used once
3 symbols



ARM Macro Assembler    Page 1 Alphabetic symbol ordering
External symbols

SystemInit 00000000

Symbol: SystemInit
   Definitions
      At line 106 in file RTE\Device\PHY6222_FCDS\startup_PHY6222.s
   Uses
      At line 108 in file RTE\Device\PHY6222_FCDS\startup_PHY6222.s
Comment: SystemInit used once
__main 00000000

Symbol: __main
   Definitions
      At line 107 in file RTE\Device\PHY6222_FCDS\startup_PHY6222.s
   Uses
      At line 110 in file RTE\Device\PHY6222_FCDS\startup_PHY6222.s
Comment: __main used once
2 symbols
358 symbols in table
